Succeeds when run independently.

Fails when run in the following batch

-Dqfile=acid_globallimit.q,acid_bucket_pruning.q,mapreduce2.q,import_exported_table.q,tez_union_dynamic_partition.q,file_with_header_footer.q,insert_into1.q,schemeAuthority.q,dynamic_partition_pruning_2.q,orc_merge2.q,insert_into2.q,script_env_var1.q,load_fs2.q,llapdecider.q,remote_script.q

Example diff difference:
{noformat}
60c60
<                   Statistics: Num rows: 8965 Data size: 35861 Basic stats: COMPLETE Column stats: NONE
---
>                   Statistics: Num rows: 8983 Data size: 35932 Basic stats: COMPLETE Column stats: NONE
65c65
<                     Statistics: Num rows: 4482 Data size: 17928 Basic stats: COMPLETE Column stats: NONE
---
>                     Statistics: Num rows: 4491 Data size: 17964 Basic stats: COMPLETE Column stats: NONE
69c69
<                       Statistics: Num rows: 4482 Data size: 17928 Basic stats: COMPLETE Column stats: NONE
---
>                       Statistics: Num rows: 4491 Data size: 17964 Basic stats: COMPLETE Column stats: NONE
75c75
<                         Statistics: Num rows: 4482 Data size: 17928 Basic stats: COMPLETE Column stats: NONE
---
>                         Statistics: Num rows: 4491 Data size: 17964 Basic stats: COMPLETE Column stats: NONE
116c116
<                     totalSize 35861
---
>                     totalSize 35932
138c138
<                       totalSize 35861
---
>                       totalSize 35932
{noformat}