Seems like sometimes the actually read rows by the operator is not 1 ; but 64...

{code}
Client Execution succeeded but contained differences (error code = 1) after executing stat_estimate_related_col.q 
491c491
<             Statistics: Num rows: 1/64 Data size: 8 Basic stats: COMPLETE Column stats: COMPLETE
---
>             Statistics: Num rows: 1/1 Data size: 8 Basic stats: COMPLETE Column stats: COMPLETE
505c505
<               Statistics: Num rows: 1/64 Data size: 8 Basic stats: COMPLETE Column stats: COMPLETE
---
>               Statistics: Num rows: 1/1 Data size: 8 Basic stats: COMPLETE Column stats: COMPLETE
{code}