{code}
<                   Statistics: Num rows: 1000 Data size: 178000 Basic stats: COMPLETE Column stats: PARTIAL
---
>                   Statistics: Num rows: 1000 Data size: 178000 Basic stats: COMPLETE Column stats: COMPLETE
46c46
<                     Statistics: Num rows: 1000 Data size: 272000 Basic stats: COMPLETE Column stats: PARTIAL
---
>                     Statistics: Num rows: 1000 Data size: 272000 Basic stats: COMPLETE Column stats: COMPLETE
59c59
<                       Statistics: Num rows: 1000 Data size: 272000 Basic stats: COMPLETE Column stats: PARTIAL
---
>                       Statistics: Num rows: 1000 Data size: 272000 Basic stats: COMPLETE Column stats: COMPLETE
63c63
<                         Statistics: Num rows: 333 Data size: 2664 Basic stats: COMPLETE Column stats: PARTIAL
---
>                         Statistics: Num rows: 333 Data size: 2664 Basic stats: COMPLETE Column stats: COMPLETE
69c69
<                           Statistics: Num rows: 333 Data size: 2664 Basic stats: COMPLETE Column stats: PARTIAL
---
>                           Statistics: Num rows: 333 Data size: 2664 Basic stats: COMPLETE Column stats: COMPLETE
178c178
<                 Statistics: Num rows: 333 Data size: 2664 Basic stats: COMPLETE Column stats: PARTIAL
---
>                 Statistics: Num rows: 333 Data size: 2664 Basic stats: COMPLETE Column stats: COMPLETE
184c184
<                   Statistics: Num rows: 333 Data size: 2664 Basic stats: COMPLETE Column stats: PARTIAL
---
>                   Statistics: Num rows: 333 Data size: 2664 Basic stats: COMPLETE Column stats: COMPLETE

{code}