insert_values_orig_table_use_metadata.q sometimes fails with the following diff differences:
{noformat}
315c315
<   totalSize             1545
---
>   totalSize             1508
343c343
<             Statistics: Num rows: 1 Data size: 1545 Basic stats: COMPLETE Column stats: COMPLETE
---
>             Statistics: Num rows: 1 Data size: 1508 Basic stats: COMPLETE Column stats: COMPLETE
345c345
<               Statistics: Num rows: 1 Data size: 1545 Basic stats: COMPLETE Column stats: COMPLETE
---
>               Statistics: Num rows: 1 Data size: 1508 Basic stats: COMPLETE Column stats: COMPLETE
439c439
<   totalSize             3091
---
>   totalSize             3016
467c467
<             Statistics: Num rows: 1 Data size: 3091 Basic stats: COMPLETE Column stats: COMPLETE
---
>             Statistics: Num rows: 1 Data size: 3016 Basic stats: COMPLETE Column stats: COMPLETE
469c469
<               Statistics: Num rows: 1 Data size: 3091 Basic stats: COMPLETE Column stats: COMPLETE
---
>               Statistics: Num rows: 1 Data size: 3016 Basic stats: COMPLETE Column stats: COMPLETE
547c547
<   totalSize             380328
---
>   totalSize             380253
575c575
<             Statistics: Num rows: 1 Data size: 380328 Basic stats: COMPLETE Column stats: COMPLETE
---
>             Statistics: Num rows: 1 Data size: 380253 Basic stats: COMPLETE Column stats: COMPLETE
577c577
<               Statistics: Num rows: 1 Data size: 380328 Basic stats: COMPLETE Column stats: COMPLETE
---
>               Statistics: Num rows: 1 Data size: 380253 Basic stats: COMPLETE Column stats: COMPLETE
{noformat}