Related issue: https://issues.cloudera.org/browse/IMPALA-1995

The problem here is that the HBase table is mysteriously missing stats, although we expect that table to have stats. See:

{code}
01:54:09.000 Section PLAN of query:
01:54:09.000 select a.id, b.id, c.id
01:54:09.000 from
01:54:09.000   functional_hbase.alltypes b,
01:54:09.000   functional_hbase.alltypes a,
01:54:09.000   functional_hbase.alltypes c
01:54:09.000 where
01:54:09.000   b.bool_col = false and
01:54:09.000   c.month = 4 and
01:54:09.000   a.int_col = b.int_col and
01:54:09.000   c.int_col = b.int_col;
01:54:09.000 
01:54:09.000 Actual does not match expected result:
01:54:09.000 04:HASH JOIN [INNER JOIN]
01:54:09.000 |  hash predicates: b.int_col = c.int_col
01:54:09.000 ^^^^^^^^^^^^^^^^^^^^^^^^^^^^^^^^^^^^^^^^^
01:54:09.000 |
01:54:09.000 |--02:SCAN HBASE [functional_hbase.alltypes c]
01:54:09.000 |     predicates: c.month = 4
01:54:09.000 |
01:54:09.000 03:HASH JOIN [INNER JOIN]
01:54:09.000 |  hash predicates: a.int_col = b.int_col
01:54:09.000 |
01:54:09.000 |--00:SCAN HBASE [functional_hbase.alltypes b]
01:54:09.000 |     predicates: b.bool_col = FALSE
01:54:09.000 |
01:54:09.000 01:SCAN HBASE [functional_hbase.alltypes a]
01:54:09.000 
01:54:09.000 Expected:
01:54:09.000 04:HASH JOIN [INNER JOIN]
01:54:09.000 |  hash predicates: a.int_col = b.int_col
01:54:09.000 |
01:54:09.000 |--00:SCAN HBASE [functional_hbase.alltypes b]
01:54:09.000 |     predicates: b.bool_col = FALSE
01:54:09.000 |
01:54:09.000 03:HASH JOIN [INNER JOIN]
01:54:09.000 |  hash predicates: a.int_col = c.int_col
01:54:09.000 |
01:54:09.000 |--02:SCAN HBASE [functional_hbase.alltypes c]
01:54:09.000 |     predicates: c.month = 4
01:54:09.000 |
01:54:09.000 01:SCAN HBASE [functional_hbase.alltypes a]
01:54:09.000 
01:54:09.000 Verbose plan:
01:54:09.000 F00:PLAN FRAGMENT [UNPARTITIONED]
01:54:09.000   04:HASH JOIN [INNER JOIN]
01:54:09.000   |  hash predicates: b.int_col = c.int_col
01:54:09.000   |  hosts=100 per-host-mem=unavailable
01:54:09.000   |  tuple-ids=1,0,2 row-size=29B cardinality=14298
01:54:09.000   |
01:54:09.000   |--02:SCAN HBASE [functional_hbase.alltypes c]
01:54:09.000   |     predicates: c.month = 4
01:54:09.000   |     table stats: unavailable
01:54:09.000   |     column stats: unavailable
01:54:09.000   |     hosts=100 per-host-mem=unavailable
01:54:09.000   |     tuple-ids=2 row-size=12B cardinality=1429
01:54:09.000   |
01:54:09.000   03:HASH JOIN [INNER JOIN]
01:54:09.000   |  hash predicates: a.int_col = b.int_col
01:54:09.000   |  hosts=100 per-host-mem=unavailable
01:54:09.000   |  tuple-ids=1,0 row-size=17B cardinality=14298
01:54:09.000   |
01:54:09.000   |--00:SCAN HBASE [functional_hbase.alltypes b]
01:54:09.000   |     predicates: b.bool_col = FALSE
01:54:09.000   |     table stats: unavailable
01:54:09.000   |     column stats: unavailable
01:54:09.000   |     hosts=100 per-host-mem=unavailable
01:54:09.000   |     tuple-ids=0 row-size=9B cardinality=1429
01:54:09.000   |
01:54:09.000   01:SCAN HBASE [functional_hbase.alltypes a]
01:54:09.000      table stats: unavailable
01:54:09.000      column stats: unavailable
01:54:09.000      hosts=100 per-host-mem=unavailable
01:54:09.000      tuple-ids=1 row-size=8B cardinality=14298
{code}


commit 31de77e633dcb753614e1a9082822448caeec7d8
Author: Alex Behm <alex.behm@cloudera.com>
Date:   Tue Jan 5 13:23:40 2016 -0800

    IMPALA-2801: Modify HBase planner test to use a table that has stats computed.
    
    The problem was that a recently added planner test was assuming stats
    were computed for functional_hbase.alltypes, but we purposely do not compute
    stats for that table. The fix is to use the alltypessmall table instead.
    The modified test still covers the same issue.
    
    Change-Id: I043c485489c7868b4f320048eb383943627f620b
    Reviewed-on: http://gerrit.cloudera.org:8080/1705
    Reviewed-by: Alex Behm <alex.behm@cloudera.com>
    Tested-by: Alex Behm <alex.behm@cloudera.com>


